2025-11-07 14:23:51,971 [INFO] Scraping 18 sites (5 workers)
2025-11-07 14:23:51,971 [INFO] ============================================================
2025-11-07 14:23:51,971 [INFO] START: buffer.com
2025-11-07 14:23:51,971 [INFO] START: mailchimp.com
2025-11-07 14:23:51,971 [INFO] START: hootsuite.com
2025-11-07 14:23:51,971 [INFO] START: activecampaign.com
2025-11-07 14:23:51,977 [INFO] START: hubspot.com
2025-11-07 14:23:52,345 [INFO]   Nav areas: 7
2025-11-07 14:23:52,361 [ERROR] Error: 'NoneType' object is not iterable
2025-11-07 14:23:52,361 [INFO] START: airtable.com
2025-11-07 14:23:52,455 [INFO]   Nav areas: 3
2025-11-07 14:23:52,460 [ERROR] Error: 'NoneType' object is not iterable
2025-11-07 14:23:52,460 [INFO] START: notion.so
2025-11-07 14:23:52,773 [INFO]   Nav areas: 2
2025-11-07 14:23:52,773 [INFO] START: dropbox.com
2025-11-07 14:23:52,773 [ERROR] Error: 'NoneType' object is not iterable
2025-11-07 14:23:53,040 [INFO]   Nav areas: 15
2025-11-07 14:23:53,040 [ERROR] Error: 'NoneType' object is not iterable
2025-11-07 14:23:53,040 [INFO] START: zoom.us
2025-11-07 14:23:53,950 [INFO]   Nav areas: 8
2025-11-07 14:23:53,970 [ERROR] Error: 'NoneType' object is not iterable
2025-11-07 14:23:53,970 [INFO] START: stripe.com
2025-11-07 14:23:54,137 [INFO]   Nav areas: 1
2025-11-07 14:23:54,155 [INFO] START: twilio.com
2025-11-07 14:23:54,155 [ERROR] Error: 'NoneType' object is not iterable
2025-11-07 14:23:54,570 [INFO]   Nav areas: 10
2025-11-07 14:23:54,731 [INFO] START: sendgrid.com
2025-11-07 14:23:54,751 [ERROR] Error: 'NoneType' object is not iterable
2025-11-07 14:23:57,161 [INFO]   Nav areas: 5
2025-11-07 14:23:57,370 [ERROR] Error: 'NoneType' object is not iterable
2025-11-07 14:23:57,407 [INFO] START: cloudflare.com
2025-11-07 14:23:59,224 [INFO]   Nav areas: 6
2025-11-07 14:23:59,295 [INFO] START: wordpress.com
2025-11-07 14:23:59,341 [ERROR] Error: 'NoneType' object is not iterable
2025-11-07 14:24:00,124 [INFO]   Nav areas: 10
2025-11-07 14:24:00,164 [ERROR] Error: 'NoneType' object is not iterable
2025-11-07 14:24:00,164 [INFO] START: shopify.com
2025-11-07 14:24:02,242 [INFO]   Nav areas: 14
2025-11-07 14:24:02,570 [INFO] START: atlassian.com
2025-11-07 14:24:02,613 [ERROR] Error: 'NoneType' object is not iterable
2025-11-07 14:24:02,694 [INFO]   Nav areas: 15
2025-11-07 14:24:02,781 [ERROR] Error: 'NoneType' object is not iterable
2025-11-07 14:24:02,781 [INFO] START: monday.com
2025-11-07 14:24:04,013 [INFO]   Nav areas: 4
2025-11-07 14:24:04,051 [ERROR] Error: 'NoneType' object is not iterable
2025-11-07 14:24:04,130 [INFO] START: trello.com
2025-11-07 14:24:05,612 [INFO]   Nav areas: 5
2025-11-07 14:24:05,655 [ERROR] Error: 'NoneType' object is not iterable
2025-11-07 14:24:07,185 [INFO]   Nav areas: 9
2025-11-07 14:24:07,266 [ERROR] Error: 'NoneType' object is not iterable
2025-11-07 14:24:07,902 [INFO]   Nav areas: 11
2025-11-07 14:24:08,029 [ERROR] Error: 'NoneType' object is not iterable
2025-11-07 14:24:16,368 [INFO]   Nav areas: 15
2025-11-07 14:24:16,512 [ERROR] Error: 'NoneType' object is not iterable
2025-11-07 14:24:24,478 [INFO]   Nav areas: 15
2025-11-07 14:24:24,540 [ERROR] Error: 'NoneType' object is not iterable
2025-11-07 14:24:24,543 [INFO] ============================================================
2025-11-07 14:24:24,543 [INFO] SUCCESS: 0
2025-11-07 14:24:24,543 [INFO] FAILED: 18
2025-11-07 14:24:24,543 [INFO] SKIPPED: 0
2025-11-07 14:24:24,547 [INFO] TIME: 32.6s
2025-11-07 14:24:24,547 [INFO] ============================================================
2025-11-07 14:25:58,954 [INFO] Scraping 18 sites (5 workers)
2025-11-07 14:25:58,955 [INFO] ============================================================
2025-11-07 14:25:58,956 [INFO] START: buffer.com
2025-11-07 14:25:58,957 [INFO] START: mailchimp.com
2025-11-07 14:25:58,958 [INFO] START: hootsuite.com
2025-11-07 14:25:58,958 [INFO] START: activecampaign.com
2025-11-07 14:25:58,959 [INFO] START: hubspot.com
2025-11-07 14:25:59,157 [INFO]   Nav areas: 3
2025-11-07 14:25:59,164 [ERROR] Error: 'NoneType' object is not iterable
2025-11-07 14:25:59,165 [INFO] START: airtable.com
2025-11-07 14:26:00,349 [INFO]   Nav areas: 8
2025-11-07 14:26:00,407 [ERROR] Error: 'NoneType' object is not iterable
2025-11-07 14:26:00,414 [INFO]   Nav areas: 7
2025-11-07 14:26:00,415 [INFO] START: notion.so
2025-11-07 14:26:00,453 [ERROR] Error: 'NoneType' object is not iterable
2025-11-07 14:26:00,453 [INFO] START: dropbox.com
2025-11-07 14:26:00,581 [INFO]   Nav areas: 2
2025-11-07 14:26:00,588 [ERROR] Error: 'NoneType' object is not iterable
2025-11-07 14:26:00,588 [INFO] START: zoom.us
2025-11-07 14:26:01,201 [INFO]   Nav areas: 10
2025-11-07 14:26:01,227 [ERROR] Error: 'NoneType' object is not iterable
2025-11-07 14:26:01,227 [INFO] START: stripe.com
2025-11-07 14:26:01,437 [INFO]   Nav areas: 15
2025-11-07 14:26:01,440 [ERROR] Error: 'NoneType' object is not iterable
2025-11-07 14:26:01,440 [INFO] START: twilio.com
2025-11-07 14:26:03,791 [INFO]   Nav areas: 1
2025-11-07 14:26:03,831 [ERROR] Error: 'NoneType' object is not iterable
2025-11-07 14:26:03,882 [INFO] START: sendgrid.com
2025-11-07 14:26:04,584 [INFO]   Nav areas: 5
2025-11-07 14:26:04,760 [INFO] START: cloudflare.com
2025-11-07 14:26:04,760 [ERROR] Error: 'NoneType' object is not iterable
2025-11-07 14:26:09,072 [INFO]   Nav areas: 10
2025-11-07 14:26:09,325 [INFO] START: wordpress.com
2025-11-07 14:26:09,342 [ERROR] Error: 'NoneType' object is not iterable
2025-11-07 14:26:09,925 [INFO]   Nav areas: 6
2025-11-07 14:26:10,013 [ERROR] Error: 'NoneType' object is not iterable
2025-11-07 14:26:10,013 [INFO] START: shopify.com
2025-11-07 14:26:11,667 [INFO]   Nav areas: 14
2025-11-07 14:26:11,890 [ERROR] Error: 'NoneType' object is not iterable
2025-11-07 14:26:11,908 [INFO] START: atlassian.com
2025-11-07 14:26:12,669 [INFO]   Nav areas: 4
2025-11-07 14:26:12,714 [INFO] START: monday.com
2025-11-07 14:26:12,761 [ERROR] Error: 'NoneType' object is not iterable
2025-11-07 14:26:14,093 [INFO]   Nav areas: 15
2025-11-07 14:26:14,145 [INFO] START: trello.com
2025-11-07 14:26:14,145 [ERROR] Error: 'NoneType' object is not iterable
2025-11-07 14:26:16,939 [INFO]   Nav areas: 9
2025-11-07 14:26:17,066 [ERROR] Error: 'NoneType' object is not iterable
2025-11-07 14:26:18,886 [INFO]   Nav areas: 10
2025-11-07 14:26:18,937 [ERROR] Error: 'NoneType' object is not iterable
2025-11-07 14:26:20,458 [INFO]   Nav areas: 5
2025-11-07 14:26:20,579 [ERROR] Error: 'NoneType' object is not iterable
2025-11-07 14:26:33,324 [INFO]   Nav areas: 15
2025-11-07 14:26:40,600 [INFO]   Nav areas: 15
2025-11-07 14:30:27,806 [INFO] Scraping 18 sites (5 workers)
2025-11-07 14:30:27,807 [INFO] ============================================================
2025-11-07 14:30:27,809 [INFO] START: buffer.com
2025-11-07 14:30:27,809 [INFO] START: mailchimp.com
2025-11-07 14:30:27,809 [INFO] START: hootsuite.com
2025-11-07 14:30:27,811 [INFO] START: activecampaign.com
2025-11-07 14:30:27,812 [INFO] START: hubspot.com
2025-11-07 14:30:28,160 [INFO]   Nav areas: 7
2025-11-07 14:30:28,182 [ERROR] Error: 'NoneType' object is not iterable
2025-11-07 14:30:28,182 [INFO] START: airtable.com
2025-11-07 14:30:28,458 [INFO]   Nav areas: 3
2025-11-07 14:30:28,485 [ERROR] Error: 'NoneType' object is not iterable
2025-11-07 14:30:28,516 [INFO] START: notion.so
2025-11-07 14:30:29,044 [INFO]   Nav areas: 2
2025-11-07 14:30:29,073 [INFO] START: dropbox.com
2025-11-07 14:30:29,073 [ERROR] Error: 'NoneType' object is not iterable
2025-11-07 14:30:29,268 [INFO]   Nav areas: 8
2025-11-07 14:30:29,289 [INFO] START: zoom.us
2025-11-07 14:30:29,289 [ERROR] Error: 'NoneType' object is not iterable
2025-11-07 14:30:29,707 [INFO]   Nav areas: 15
2025-11-07 14:30:29,709 [INFO] START: stripe.com
2025-11-07 14:30:29,710 [ERROR] Error: 'NoneType' object is not iterable
2025-11-07 14:30:30,104 [INFO]   Nav areas: 10
2025-11-07 14:30:30,133 [ERROR] Error: 'NoneType' object is not iterable
2025-11-07 14:30:30,134 [INFO] START: twilio.com
2025-11-07 14:30:30,576 [INFO]   Nav areas: 1
2025-11-07 14:30:30,591 [INFO] START: sendgrid.com
2025-11-07 14:30:30,591 [ERROR] Error: 'NoneType' object is not iterable
2025-11-07 14:30:32,607 [INFO]   Nav areas: 5
2025-11-07 14:30:32,830 [INFO] START: cloudflare.com
2025-11-07 14:30:32,846 [ERROR] Error: 'NoneType' object is not iterable
2025-11-07 14:30:37,276 [INFO]   Nav areas: 6
2025-11-07 14:30:37,452 [INFO] START: wordpress.com
2025-11-07 14:30:37,454 [ERROR] Error: 'NoneType' object is not iterable
2025-11-07 14:30:39,465 [INFO]   Nav areas: 10
2025-11-07 14:30:39,721 [ERROR] Error: 'NoneType' object is not iterable
2025-11-07 14:30:39,736 [INFO] START: shopify.com
2025-11-07 14:30:42,206 [INFO]   Nav areas: 4
2025-11-07 14:30:42,444 [ERROR] Error: 'NoneType' object is not iterable
2025-11-07 14:30:42,628 [INFO] START: atlassian.com
2025-11-07 14:30:44,679 [INFO]   Nav areas: 15
2025-11-07 14:30:44,761 [INFO] START: monday.com
2025-11-07 14:30:44,772 [ERROR] Error: 'NoneType' object is not iterable
2025-11-07 14:30:46,941 [INFO]   Nav areas: 14
2025-11-07 14:30:47,298 [ERROR] Error: 'NoneType' object is not iterable
2025-11-07 14:30:47,366 [INFO] START: trello.com
2025-11-07 14:30:50,805 [INFO]   Nav areas: 11
2025-11-07 14:30:50,876 [ERROR] Error: 'NoneType' object is not iterable
2025-11-07 14:30:51,235 [INFO]   Nav areas: 9
2025-11-07 14:30:51,279 [ERROR] Error: 'NoneType' object is not iterable
2025-11-07 14:30:51,913 [INFO]   Nav areas: 5
2025-11-07 14:30:52,051 [ERROR] Error: 'NoneType' object is not iterable
2025-11-07 14:31:03,030 [INFO]   Nav areas: 15
2025-11-07 14:31:03,165 [ERROR] Error: 'NoneType' object is not iterable
2025-11-07 14:31:08,926 [INFO]   Nav areas: 15
2025-11-07 14:31:08,973 [ERROR] Error: 'NoneType' object is not iterable
2025-11-07 14:31:08,976 [INFO] ============================================================
2025-11-07 14:31:08,976 [INFO] SUCCESS: 0
2025-11-07 14:31:08,976 [INFO] FAILED: 18
2025-11-07 14:31:08,977 [INFO] SKIPPED: 0
2025-11-07 14:31:08,977 [INFO] TIME: 41.2s
2025-11-07 14:31:08,978 [INFO] ============================================================
2025-11-07 14:34:55,946 [INFO] START: buffer.com
2025-11-07 14:34:56,299 [INFO]   Nav areas: 3
2025-11-07 14:36:02,670 [INFO] START: buffer.com
2025-11-07 14:36:03,068 [INFO]   Nav areas: 3
2025-11-07 14:36:03,148 [INFO] SUCCESS: buffer.com - 18 menus, 18 sections, 18 items
2025-11-07 14:36:11,279 [INFO] Scraping 18 sites (5 workers)
2025-11-07 14:36:11,280 [INFO] ============================================================
2025-11-07 14:36:11,289 [INFO] START: buffer.com
2025-11-07 14:36:11,289 [INFO] START: mailchimp.com
2025-11-07 14:36:11,290 [INFO] START: hootsuite.com
2025-11-07 14:36:11,291 [INFO] START: activecampaign.com
2025-11-07 14:36:11,292 [INFO] START: hubspot.com
2025-11-07 14:36:11,528 [INFO]   Nav areas: 3
2025-11-07 14:36:11,575 [INFO] SUCCESS: buffer.com - 18 menus, 18 sections, 18 items
2025-11-07 14:36:11,578 [INFO] START: airtable.com
2025-11-07 14:36:12,654 [INFO]   Nav areas: 7
2025-11-07 14:36:13,117 [INFO]   Nav areas: 2
2025-11-07 14:36:13,153 [INFO] SUCCESS: hootsuite.com - 42 menus, 42 sections, 67 items
2025-11-07 14:36:13,190 [INFO] START: notion.so
2025-11-07 14:36:13,749 [INFO]   Nav areas: 8
2025-11-07 14:36:13,823 [INFO] SUCCESS: activecampaign.com - 45 menus, 45 sections, 76 items
2025-11-07 14:36:13,868 [INFO] START: dropbox.com
2025-11-07 14:36:14,294 [INFO] SUCCESS: mailchimp.com - 10 menus, 14 sections, 59 items
2025-11-07 14:36:14,330 [INFO] START: zoom.us
2025-11-07 14:36:14,541 [INFO]   Nav areas: 10
2025-11-07 14:36:14,801 [INFO] SUCCESS: airtable.com - 18 menus, 36 sections, 76 items
2025-11-07 14:36:14,808 [INFO] START: stripe.com
2025-11-07 14:36:15,255 [INFO]   Nav areas: 15
2025-11-07 14:36:15,284 [INFO] SUCCESS: notion.so - 23 menus, 23 sections, 39 items
2025-11-07 14:36:15,284 [INFO] START: twilio.com
2025-11-07 14:36:19,099 [INFO]   Nav areas: 1
2025-11-07 14:36:19,432 [INFO] SUCCESS: dropbox.com - 50 menus, 51 sections, 60 items
2025-11-07 14:36:19,546 [INFO] START: sendgrid.com
2025-11-07 14:36:20,432 [INFO]   Nav areas: 5
2025-11-07 14:36:23,695 [INFO] SUCCESS: twilio.com - 119 menus, 119 sections, 133 items
2025-11-07 14:36:23,832 [INFO] START: cloudflare.com
2025-11-07 14:36:29,458 [INFO]   Nav areas: 6
2025-11-07 14:36:29,578 [INFO]   Nav areas: 10
2025-11-07 14:36:29,912 [INFO] SUCCESS: cloudflare.com - 52 menus, 52 sections, 55 items
2025-11-07 14:36:30,354 [INFO] START: wordpress.com
2025-11-07 14:36:31,688 [INFO] SUCCESS: sendgrid.com - 12 menus, 12 sections, 64 items
2025-11-07 14:36:31,900 [INFO] START: shopify.com
2025-11-07 14:36:36,167 [INFO]   Nav areas: 15
2025-11-07 14:36:36,215 [INFO] SUCCESS: wordpress.com - 2 menus, 2 sections, 2 items
2025-11-07 14:36:36,295 [INFO] START: atlassian.com
2025-11-07 14:36:37,531 [INFO]   Nav areas: 4
2025-11-07 14:36:37,969 [INFO] SUCCESS: shopify.com - 8 menus, 9 sections, 51 items
2025-11-07 14:36:38,059 [INFO] START: monday.com
2025-11-07 14:36:39,292 [INFO]   Nav areas: 5
2025-11-07 14:36:39,699 [INFO] SUCCESS: atlassian.com - 28 menus, 33 sections, 50 items
2025-11-07 14:36:39,752 [INFO] START: trello.com
2025-11-07 14:36:40,875 [INFO]   Nav areas: 14
2025-11-07 14:36:42,430 [INFO] SUCCESS: zoom.us - 97 menus, 101 sections, 117 items
2025-11-07 14:36:43,580 [INFO]   Nav areas: 9
2025-11-07 14:36:43,677 [INFO] SUCCESS: trello.com - 7 menus, 7 sections, 7 items
2025-11-07 14:36:44,227 [INFO]   Nav areas: 11
2025-11-07 14:36:44,282 [INFO] SUCCESS: monday.com - 5 menus, 10 sections, 39 items
2025-11-07 14:36:57,127 [INFO]   Nav areas: 15
2025-11-07 14:36:58,868 [INFO] SUCCESS: hubspot.com - 49 menus, 56 sections, 108 items
2025-11-07 14:37:11,136 [INFO]   Nav areas: 15
2025-11-07 14:37:11,248 [INFO] SUCCESS: stripe.com - 71 menus, 71 sections, 71 items
2025-11-07 14:37:11,554 [INFO] ============================================================
2025-11-07 14:37:11,555 [INFO] SUCCESS: 18
2025-11-07 14:37:11,555 [INFO] FAILED: 0
2025-11-07 14:37:11,555 [INFO] SKIPPED: 0
2025-11-07 14:37:11,556 [INFO] TIME: 60.3s
2025-11-07 14:37:11,556 [INFO] ============================================================
2025-11-07 14:46:38,772 [INFO] Scraping 18 sites (5 workers)
2025-11-07 14:46:38,774 [INFO] ============================================================
2025-11-07 14:46:38,778 [INFO] SKIP: buffer.com
2025-11-07 14:46:38,779 [INFO] SKIP: mailchimp.com
2025-11-07 14:46:38,779 [INFO] SKIP: activecampaign.com
2025-11-07 14:46:38,780 [INFO] SKIP: hootsuite.com
2025-11-07 14:46:38,780 [INFO] SKIP: notion.so
2025-11-07 14:46:38,781 [INFO] SKIP: dropbox.com
2025-11-07 14:46:38,782 [INFO] SKIP: airtable.com
2025-11-07 14:46:38,782 [INFO] SKIP: hubspot.com
2025-11-07 14:46:38,782 [INFO] SKIP: twilio.com
2025-11-07 14:46:38,782 [INFO] SKIP: zoom.us
2025-11-07 14:46:38,782 [INFO] SKIP: cloudflare.com
2025-11-07 14:46:38,782 [INFO] SKIP: stripe.com
2025-11-07 14:46:38,783 [INFO] SKIP: wordpress.com
2025-11-07 14:46:38,783 [INFO] SKIP: sendgrid.com
2025-11-07 14:46:38,783 [INFO] SKIP: shopify.com
2025-11-07 14:46:38,783 [INFO] SKIP: atlassian.com
2025-11-07 14:46:38,783 [INFO] SKIP: monday.com
2025-11-07 14:46:38,783 [INFO] SKIP: trello.com
2025-11-07 14:46:44,194 [INFO] ============================================================
2025-11-07 14:46:44,194 [INFO] SUCCESS: 0
2025-11-07 14:46:44,194 [INFO] FAILED: 0
2025-11-07 14:46:44,194 [INFO] SKIPPED: 18
2025-11-07 14:46:44,197 [INFO] TIME: 5.4s
2025-11-07 14:46:44,197 [INFO] ============================================================
2025-11-07 14:48:03,896 [INFO] Scraping 18 sites (5 workers)
2025-11-07 14:48:03,900 [INFO] ============================================================
2025-11-07 14:48:03,900 [INFO] START: buffer.com
2025-11-07 14:48:03,900 [INFO] START: mailchimp.com
2025-11-07 14:48:03,900 [INFO] START: hootsuite.com
2025-11-07 14:48:03,900 [INFO] START: hubspot.com
2025-11-07 14:48:03,900 [INFO] START: activecampaign.com
2025-11-07 14:48:04,352 [INFO]   Nav areas: 6
2025-11-07 14:48:04,537 [INFO] SUCCESS: activecampaign.com - 45 menus, 45 sections, 76 items
2025-11-07 14:48:04,543 [INFO] START: airtable.com
2025-11-07 14:48:04,653 [INFO]   Nav areas: 3
2025-11-07 14:48:04,687 [INFO] SUCCESS: buffer.com - 18 menus, 18 sections, 18 items
2025-11-07 14:48:04,688 [INFO] START: notion.so
2025-11-07 14:48:04,875 [INFO]   Nav areas: 2
2025-11-07 14:48:04,887 [INFO] SUCCESS: hootsuite.com - 44 menus, 44 sections, 67 items
2025-11-07 14:48:04,889 [INFO] START: dropbox.com
2025-11-07 14:48:05,709 [INFO]   Nav areas: 3
2025-11-07 14:48:05,863 [INFO] SUCCESS: mailchimp.com - 10 menus, 14 sections, 59 items
2025-11-07 14:48:05,865 [INFO] START: zoom.us
2025-11-07 14:48:06,028 [INFO]   Nav areas: 2
2025-11-07 14:48:06,043 [INFO] SUCCESS: notion.so - 23 menus, 23 sections, 39 items
2025-11-07 14:48:06,045 [INFO] START: stripe.com
2025-11-07 14:48:06,510 [INFO]   Nav areas: 6
2025-11-07 14:48:06,659 [INFO] SUCCESS: airtable.com - 18 menus, 20 sections, 71 items
2025-11-07 14:48:06,660 [INFO] START: twilio.com
2025-11-07 14:48:06,822 [INFO]   Nav areas: 1
2025-11-07 14:48:06,860 [INFO] SUCCESS: dropbox.com - 49 menus, 49 sections, 58 items
2025-11-07 14:48:06,861 [INFO] START: sendgrid.com
2025-11-07 14:48:09,664 [INFO]   Nav areas: 2
2025-11-07 14:48:10,740 [INFO] SUCCESS: twilio.com - 117 menus, 117 sections, 120 items
2025-11-07 14:48:10,874 [INFO] START: cloudflare.com
2025-11-07 14:48:11,808 [INFO]   Nav areas: 2
2025-11-07 14:48:12,161 [INFO] SUCCESS: sendgrid.com - 11 menus, 11 sections, 62 items
2025-11-07 14:48:12,305 [INFO] START: wordpress.com
2025-11-07 14:48:15,443 [INFO]   Nav areas: 5
2025-11-07 14:48:15,506 [INFO] SUCCESS: cloudflare.com - 52 menus, 52 sections, 55 items
2025-11-07 14:48:15,580 [INFO] START: shopify.com
2025-11-07 14:48:17,274 [INFO]   Nav areas: 6
2025-11-07 14:48:17,303 [INFO] SUCCESS: wordpress.com - 47 menus, 47 sections, 47 items
2025-11-07 14:48:17,400 [INFO] START: atlassian.com
2025-11-07 14:48:20,158 [INFO]   Nav areas: 2
2025-11-07 14:48:20,259 [INFO] SUCCESS: atlassian.com - 28 menus, 33 sections, 50 items
2025-11-07 14:48:20,294 [INFO] START: monday.com
2025-11-07 14:48:22,700 [INFO]   Nav areas: 2
2025-11-07 14:48:22,764 [INFO] SUCCESS: shopify.com - 8 menus, 9 sections, 51 items
2025-11-07 14:48:22,875 [INFO] START: trello.com
2025-11-07 14:48:23,651 [INFO]   Nav areas: 7
2025-11-07 14:48:24,447 [INFO] SUCCESS: zoom.us - 97 menus, 98 sections, 113 items
2025-11-07 14:48:25,893 [INFO]   Nav areas: 2
2025-11-07 14:48:25,916 [INFO] SUCCESS: monday.com - 1 menus, 1 sections, 39 items
2025-11-07 14:48:26,912 [INFO]   Nav areas: 7
2025-11-07 14:48:26,962 [INFO] SUCCESS: trello.com - 7 menus, 7 sections, 7 items
2025-11-07 14:48:37,463 [INFO]   Nav areas: 10
2025-11-07 14:48:38,125 [INFO] SUCCESS: hubspot.com - 49 menus, 56 sections, 108 items
2025-11-07 14:48:41,857 [INFO]   Nav areas: 5
2025-11-07 14:48:41,973 [INFO] SUCCESS: stripe.com - 91 menus, 91 sections, 102 items
2025-11-07 14:48:42,294 [INFO] ============================================================
2025-11-07 14:48:42,296 [INFO] SUCCESS: 18
2025-11-07 14:48:42,297 [INFO] FAILED: 0
2025-11-07 14:48:42,297 [INFO] SKIPPED: 0
2025-11-07 14:48:42,297 [INFO] TIME: 38.4s
2025-11-07 14:48:42,298 [INFO] ============================================================
2025-11-07 14:52:10,308 [INFO] START: buffer.com
2025-11-07 14:52:10,538 [INFO]   Nav areas: 3
2025-11-07 14:52:10,580 [INFO] SUCCESS: buffer.com - 18 menus, 18 sections, 18 items
2025-11-07 14:53:39,801 [INFO] START: buffer.com
2025-11-07 14:53:40,161 [INFO]   Nav areas: 3
2025-11-07 14:53:40,215 [INFO] SUCCESS: buffer.com - 17 menus, 17 sections, 17 items
2025-11-07 14:56:13,722 [INFO] START: buffer.com
2025-11-07 14:56:13,913 [INFO]   Nav areas: 3
2025-11-07 14:56:13,964 [INFO] SUCCESS: buffer.com - 17 menus, 17 sections, 17 items
2025-11-07 14:56:37,178 [INFO] START: buffer.com
2025-11-07 14:56:37,365 [INFO]   Nav areas: 3
2025-11-07 14:56:37,413 [INFO] SUCCESS: buffer.com - 1 menus, 1 sections, 6 items
2025-11-07 14:59:27,670 [INFO] Scraping 18 sites (5 workers)
2025-11-07 14:59:27,670 [INFO] ============================================================
2025-11-07 14:59:27,672 [INFO] START: buffer.com
2025-11-07 14:59:27,672 [INFO] START: mailchimp.com
2025-11-07 14:59:27,673 [INFO] START: hootsuite.com
2025-11-07 14:59:27,675 [INFO] START: activecampaign.com
2025-11-07 14:59:27,675 [INFO] START: hubspot.com
2025-11-07 14:59:27,868 [INFO]   Nav areas: 3
2025-11-07 14:59:27,918 [INFO] SUCCESS: buffer.com - 1 menus, 1 sections, 6 items
2025-11-07 14:59:27,920 [INFO] START: airtable.com
2025-11-07 14:59:28,663 [INFO]   Nav areas: 6
2025-11-07 14:59:29,172 [INFO] SUCCESS: activecampaign.com - 5 menus, 5 sections, 58 items
2025-11-07 14:59:29,214 [INFO] START: notion.so
2025-11-07 14:59:29,822 [INFO]   Nav areas: 2
2025-11-07 14:59:29,892 [INFO] SUCCESS: hootsuite.com - 5 menus, 5 sections, 30 items
2025-11-07 14:59:29,914 [INFO] START: dropbox.com
2025-11-07 14:59:30,197 [INFO]   Nav areas: 3
2025-11-07 14:59:30,385 [INFO]   Nav areas: 6
2025-11-07 14:59:30,693 [INFO] SUCCESS: mailchimp.com - 9 menus, 13 sections, 60 items
2025-11-07 14:59:30,738 [INFO] START: zoom.us
2025-11-07 14:59:30,780 [INFO] SUCCESS: airtable.com - 11 menus, 16 sections, 67 items
2025-11-07 14:59:30,781 [INFO] START: stripe.com
2025-11-07 14:59:31,003 [INFO]   Nav areas: 2
2025-11-07 14:59:31,032 [INFO] SUCCESS: notion.so - 2 menus, 2 sections, 25 items
2025-11-07 14:59:31,053 [INFO] START: twilio.com
2025-11-07 14:59:34,736 [INFO]   Nav areas: 1
2025-11-07 14:59:35,008 [INFO] SUCCESS: dropbox.com - 5 menus, 5 sections, 25 items
2025-11-07 14:59:35,111 [INFO]   Nav areas: 2
2025-11-07 14:59:35,162 [INFO] START: sendgrid.com
2025-11-07 14:59:37,165 [INFO] SUCCESS: twilio.com - 7 menus, 7 sections, 115 items
2025-11-07 14:59:37,193 [INFO] START: cloudflare.com
2025-11-07 14:59:41,567 [INFO]   Nav areas: 5
2025-11-07 14:59:41,789 [INFO] SUCCESS: cloudflare.com - 1 menus, 1 sections, 4 items
2025-11-07 14:59:41,947 [INFO] START: wordpress.com
2025-11-07 14:59:43,600 [INFO]   Nav areas: 2
2025-11-07 14:59:44,298 [INFO] SUCCESS: sendgrid.com - 7 menus, 7 sections, 59 items
2025-11-07 14:59:44,326 [INFO] START: shopify.com
2025-11-07 14:59:47,098 [INFO]   Nav areas: 6
2025-11-07 14:59:47,202 [INFO] SUCCESS: wordpress.com - 1 menus, 1 sections, 61 items
2025-11-07 14:59:47,203 [INFO] START: atlassian.com
2025-11-07 14:59:49,408 [INFO]   Nav areas: 2
2025-11-07 14:59:49,719 [INFO] SUCCESS: shopify.com - 5 menus, 6 sections, 48 items
2025-11-07 14:59:49,770 [INFO] START: monday.com
2025-11-07 14:59:53,982 [INFO]   Nav areas: 7
2025-11-07 14:59:55,503 [INFO] SUCCESS: zoom.us - 6 menus, 7 sections, 57 items
2025-11-07 14:59:55,568 [INFO] START: trello.com
2025-11-07 14:59:56,289 [INFO]   Nav areas: 2
2025-11-07 14:59:56,425 [INFO] SUCCESS: monday.com - 1 menus, 1 sections, 39 items
2025-11-07 14:59:58,491 [INFO]   Nav areas: 7
2025-11-07 14:59:58,557 [INFO] SUCCESS: trello.com - 1 menus, 1 sections, 25 items
2025-11-07 15:00:00,825 [INFO]   Nav areas: 2
2025-11-07 15:00:01,038 [INFO] SUCCESS: atlassian.com - 4 menus, 10 sections, 39 items
2025-11-07 15:00:03,916 [INFO]   Nav areas: 10
2025-11-07 15:00:04,917 [INFO] SUCCESS: hubspot.com - 6 menus, 13 sections, 63 items
2025-11-07 15:00:11,216 [INFO]   Nav areas: 5
2025-11-07 15:00:11,353 [INFO] SUCCESS: stripe.com - 10 menus, 10 sections, 21 items
2025-11-07 15:00:11,659 [INFO] ============================================================
2025-11-07 15:00:11,660 [INFO] SUCCESS: 18
2025-11-07 15:00:11,660 [INFO] FAILED: 0
2025-11-07 15:00:11,660 [INFO] SKIPPED: 0
2025-11-07 15:00:11,660 [INFO] TIME: 44.0s
2025-11-07 15:00:11,660 [INFO] ============================================================
2025-11-07 15:01:17,865 [INFO] Scraping 18 sites (5 workers)
2025-11-07 15:01:17,865 [INFO] ============================================================
2025-11-07 15:01:17,867 [INFO] START: buffer.com
2025-11-07 15:01:17,868 [INFO] START: mailchimp.com
2025-11-07 15:01:17,869 [INFO] START: hootsuite.com
2025-11-07 15:01:17,870 [INFO] START: activecampaign.com
2025-11-07 15:01:17,871 [INFO] START: hubspot.com
2025-11-07 15:01:18,074 [INFO]   Nav areas: 3
2025-11-07 15:01:18,144 [INFO] SUCCESS: buffer.com - 1 menus, 1 sections, 6 items
2025-11-07 15:01:18,145 [INFO] START: airtable.com
2025-11-07 15:01:19,009 [INFO]   Nav areas: 6
2025-11-07 15:01:19,484 [INFO]   Nav areas: 3
2025-11-07 15:01:19,650 [INFO] SUCCESS: activecampaign.com - 5 menus, 5 sections, 58 items
2025-11-07 15:01:19,696 [INFO] START: notion.so
2025-11-07 15:01:19,883 [INFO] SUCCESS: mailchimp.com - 9 menus, 13 sections, 59 items
2025-11-07 15:01:19,883 [INFO] START: dropbox.com
2025-11-07 15:01:19,917 [INFO]   Nav areas: 2
2025-11-07 15:01:19,934 [INFO] SUCCESS: hootsuite.com - 5 menus, 5 sections, 30 items
2025-11-07 15:01:19,934 [INFO] START: zoom.us
2025-11-07 15:01:20,267 [INFO]   Nav areas: 6
2025-11-07 15:01:20,494 [INFO] SUCCESS: airtable.com - 11 menus, 16 sections, 67 items
2025-11-07 15:01:20,495 [INFO] START: stripe.com
2025-11-07 15:01:20,795 [INFO]   Nav areas: 2
2025-11-07 15:01:20,826 [INFO] SUCCESS: notion.so - 2 menus, 2 sections, 25 items
2025-11-07 15:01:20,827 [INFO] START: twilio.com
2025-11-07 15:01:22,736 [INFO]   Nav areas: 1
2025-11-07 15:01:22,875 [INFO] SUCCESS: dropbox.com - 5 menus, 5 sections, 25 items
2025-11-07 15:01:22,875 [INFO] START: sendgrid.com
2025-11-07 15:01:23,923 [INFO]   Nav areas: 2
2025-11-07 15:01:25,215 [INFO] SUCCESS: twilio.com - 7 menus, 7 sections, 115 items
2025-11-07 15:01:25,390 [INFO] START: cloudflare.com
2025-11-07 15:01:30,416 [INFO]   Nav areas: 2
2025-11-07 15:01:31,660 [INFO] SUCCESS: sendgrid.com - 7 menus, 7 sections, 59 items
2025-11-07 15:01:31,776 [INFO] START: wordpress.com
2025-11-07 15:01:32,685 [INFO]   Nav areas: 5
2025-11-07 15:01:33,067 [INFO] SUCCESS: cloudflare.com - 1 menus, 1 sections, 4 items
2025-11-07 15:01:33,180 [INFO] START: shopify.com
2025-11-07 15:01:38,627 [INFO]   Nav areas: 6
2025-11-07 15:01:38,976 [INFO] SUCCESS: wordpress.com - 1 menus, 1 sections, 61 items
2025-11-07 15:01:39,046 [INFO] START: atlassian.com
2025-11-07 15:01:39,442 [INFO]   Nav areas: 2
2025-11-07 15:01:39,741 [INFO] SUCCESS: shopify.com - 5 menus, 6 sections, 48 items
2025-11-07 15:01:39,794 [INFO] START: monday.com
2025-11-07 15:01:47,767 [INFO]   Nav areas: 2
2025-11-07 15:01:47,889 [INFO] SUCCESS: monday.com - 1 menus, 1 sections, 39 items
2025-11-07 15:01:48,053 [INFO] START: trello.com
2025-11-07 15:01:50,862 [INFO]   Nav areas: 7
2025-11-07 15:01:53,861 [INFO]   Nav areas: 7
2025-11-07 15:01:54,118 [INFO] SUCCESS: trello.com - 1 menus, 1 sections, 25 items
2025-11-07 15:01:55,149 [INFO] SUCCESS: zoom.us - 6 menus, 7 sections, 57 items
2025-11-07 15:01:56,254 [INFO]   Nav areas: 2
2025-11-07 15:01:56,625 [INFO] SUCCESS: atlassian.com - 4 menus, 10 sections, 39 items
2025-11-07 15:02:14,965 [INFO]   Nav areas: 10
2025-11-07 15:02:15,988 [INFO] SUCCESS: hubspot.com - 6 menus, 13 sections, 63 items
2025-11-07 15:02:18,698 [INFO]   Nav areas: 5
2025-11-07 15:02:19,043 [INFO] SUCCESS: stripe.com - 10 menus, 10 sections, 21 items
2025-11-07 15:02:19,356 [INFO] ============================================================
2025-11-07 15:02:19,357 [INFO] SUCCESS: 18
2025-11-07 15:02:19,357 [INFO] FAILED: 0
2025-11-07 15:02:19,357 [INFO] SKIPPED: 0
2025-11-07 15:02:19,357 [INFO] TIME: 61.5s
2025-11-07 15:02:19,358 [INFO] ============================================================
2025-11-07 15:03:26,374 [INFO] Scraping 18 sites (5 workers)
2025-11-07 15:03:26,376 [INFO] ============================================================
2025-11-07 15:03:26,377 [INFO] START: buffer.com
2025-11-07 15:03:26,378 [INFO] START: mailchimp.com
2025-11-07 15:03:26,379 [INFO] START: hootsuite.com
2025-11-07 15:03:26,379 [INFO] START: activecampaign.com
2025-11-07 15:03:26,381 [INFO] START: hubspot.com
2025-11-07 15:03:26,645 [INFO]   Nav areas: 3
2025-11-07 15:03:26,708 [INFO] SUCCESS: buffer.com - 1 menus, 1 sections, 6 items
2025-11-07 15:03:26,709 [INFO] START: airtable.com
2025-11-07 15:03:27,080 [INFO]   Nav areas: 6
2025-11-07 15:03:27,538 [INFO] SUCCESS: activecampaign.com - 5 menus, 5 sections, 58 items
2025-11-07 15:03:27,540 [INFO] START: notion.so
2025-11-07 15:03:27,710 [INFO]   Nav areas: 2
2025-11-07 15:03:27,745 [INFO] SUCCESS: hootsuite.com - 5 menus, 5 sections, 30 items
2025-11-07 15:03:27,745 [INFO] START: dropbox.com
2025-11-07 15:03:29,378 [INFO]   Nav areas: 3
2025-11-07 15:03:29,617 [INFO]   Nav areas: 6
2025-11-07 15:03:29,823 [INFO]   Nav areas: 2
2025-11-07 15:03:29,948 [INFO] SUCCESS: notion.so - 2 menus, 2 sections, 25 items
2025-11-07 15:03:29,991 [INFO] START: zoom.us
2025-11-07 15:03:30,149 [INFO] SUCCESS: mailchimp.com - 8 menus, 12 sections, 57 items
2025-11-07 15:03:30,187 [INFO] SUCCESS: airtable.com - 11 menus, 16 sections, 67 items
2025-11-07 15:03:30,187 [INFO] START: stripe.com
2025-11-07 15:03:30,188 [INFO] START: twilio.com
2025-11-07 15:03:30,417 [INFO]   Nav areas: 1
2025-11-07 15:03:30,474 [INFO] SUCCESS: dropbox.com - 5 menus, 5 sections, 25 items
2025-11-07 15:03:30,475 [INFO] START: sendgrid.com
2025-11-07 15:03:32,685 [INFO]   Nav areas: 2
2025-11-07 15:03:37,158 [INFO] SUCCESS: twilio.com - 5 menus, 5 sections, 112 items
2025-11-07 15:03:37,595 [INFO] START: cloudflare.com
2025-11-07 15:03:38,213 [INFO]   Nav areas: 2
2025-11-07 15:03:38,835 [INFO] SUCCESS: sendgrid.com - 7 menus, 7 sections, 59 items
2025-11-07 15:03:38,860 [INFO] START: wordpress.com
2025-11-07 15:03:43,078 [INFO]   Nav areas: 5
2025-11-07 15:03:43,555 [INFO] SUCCESS: cloudflare.com - 1 menus, 1 sections, 4 items
2025-11-07 15:03:43,566 [INFO] START: shopify.com
2025-11-07 15:03:45,554 [INFO]   Nav areas: 6
2025-11-07 15:03:45,593 [INFO] SUCCESS: wordpress.com - 1 menus, 1 sections, 61 items
2025-11-07 15:03:45,686 [INFO] START: atlassian.com
2025-11-07 15:03:48,109 [INFO]   Nav areas: 2
2025-11-07 15:03:48,410 [INFO] SUCCESS: shopify.com - 5 menus, 6 sections, 48 items
2025-11-07 15:03:48,669 [INFO] START: monday.com
2025-11-07 15:03:51,314 [INFO]   Nav areas: 2
2025-11-07 15:03:51,677 [INFO] SUCCESS: atlassian.com - 4 menus, 10 sections, 39 items
2025-11-07 15:03:51,779 [INFO] START: trello.com
2025-11-07 15:03:55,375 [INFO]   Nav areas: 7
2025-11-07 15:03:55,407 [INFO]   Nav areas: 2
2025-11-07 15:03:55,417 [INFO] SUCCESS: monday.com - 1 menus, 1 sections, 39 items
2025-11-07 15:03:55,457 [INFO] SUCCESS: trello.com - 1 menus, 1 sections, 25 items
2025-11-07 15:03:55,927 [INFO]   Nav areas: 7
2025-11-07 15:03:56,979 [INFO] SUCCESS: zoom.us - 6 menus, 7 sections, 57 items
2025-11-07 15:04:15,247 [INFO]   Nav areas: 10
2025-11-07 15:04:16,623 [INFO] SUCCESS: hubspot.com - 6 menus, 13 sections, 63 items
2025-11-07 15:04:21,662 [INFO]   Nav areas: 5
2025-11-07 15:04:21,820 [INFO] SUCCESS: stripe.com - 10 menus, 10 sections, 21 items
2025-11-07 15:04:22,123 [INFO] ============================================================
2025-11-07 15:04:22,123 [INFO] SUCCESS: 18
2025-11-07 15:04:22,123 [INFO] FAILED: 0
2025-11-07 15:04:22,123 [INFO] SKIPPED: 0
2025-11-07 15:04:22,125 [INFO] TIME: 55.7s
2025-11-07 15:04:22,125 [INFO] ============================================================
2025-11-07 15:05:35,529 [INFO] Scraping 18 sites (5 workers)
2025-11-07 15:05:35,530 [INFO] ============================================================
2025-11-07 15:05:35,531 [INFO] SKIP: buffer.com
2025-11-07 15:05:35,532 [INFO] SKIP: mailchimp.com
2025-11-07 15:05:35,532 [INFO] SKIP: hootsuite.com
2025-11-07 15:05:35,533 [INFO] SKIP: airtable.com
2025-11-07 15:05:35,533 [INFO] SKIP: notion.so
2025-11-07 15:05:35,533 [INFO] SKIP: hubspot.com
2025-11-07 15:05:35,534 [INFO] SKIP: activecampaign.com
2025-11-07 15:05:35,534 [INFO] SKIP: dropbox.com
2025-11-07 15:05:35,534 [INFO] SKIP: zoom.us
2025-11-07 15:05:35,534 [INFO] SKIP: stripe.com
2025-11-07 15:05:35,534 [INFO] SKIP: twilio.com
2025-11-07 15:05:35,535 [INFO] SKIP: sendgrid.com
2025-11-07 15:05:35,535 [INFO] SKIP: cloudflare.com
2025-11-07 15:05:35,535 [INFO] SKIP: wordpress.com
2025-11-07 15:05:35,535 [INFO] SKIP: shopify.com
2025-11-07 15:05:35,535 [INFO] SKIP: atlassian.com
2025-11-07 15:05:35,535 [INFO] SKIP: monday.com
2025-11-07 15:05:35,535 [INFO] SKIP: trello.com
2025-11-07 15:05:40,954 [INFO] ============================================================
2025-11-07 15:05:40,954 [INFO] SUCCESS: 0
2025-11-07 15:05:40,954 [INFO] FAILED: 0
2025-11-07 15:05:40,954 [INFO] SKIPPED: 18
2025-11-07 15:05:40,954 [INFO] TIME: 5.4s
2025-11-07 15:05:40,958 [INFO] ============================================================
2025-11-07 15:24:01,942 [INFO] START: buffer.com
2025-11-07 15:24:02,326 [INFO]   Nav areas: 3
2025-11-07 15:24:02,376 [INFO] SUCCESS: buffer.com - 3 menus, 3 sections, 22 items
2025-11-07 15:25:05,091 [INFO] Scraping 18 sites (5 workers)
2025-11-07 15:25:05,093 [INFO] ============================================================
2025-11-07 15:25:05,094 [INFO] START: buffer.com
2025-11-07 15:25:05,094 [INFO] SKIP: mailchimp.com
2025-11-07 15:25:05,094 [INFO] SKIP: hootsuite.com
2025-11-07 15:25:05,094 [INFO] SKIP: activecampaign.com
2025-11-07 15:25:05,094 [INFO] SKIP: hubspot.com
2025-11-07 15:25:05,094 [INFO] SKIP: airtable.com
2025-11-07 15:25:05,094 [INFO] SKIP: notion.so
2025-11-07 15:25:05,094 [INFO] SKIP: dropbox.com
2025-11-07 15:25:05,094 [INFO] SKIP: zoom.us
2025-11-07 15:25:05,098 [INFO] SKIP: stripe.com
2025-11-07 15:25:05,098 [INFO] SKIP: twilio.com
2025-11-07 15:25:05,098 [INFO] SKIP: sendgrid.com
2025-11-07 15:25:05,098 [INFO] SKIP: cloudflare.com
2025-11-07 15:25:05,098 [INFO] SKIP: wordpress.com
2025-11-07 15:25:05,098 [INFO] SKIP: atlassian.com
2025-11-07 15:25:05,098 [INFO] SKIP: shopify.com
2025-11-07 15:25:05,102 [INFO] SKIP: monday.com
2025-11-07 15:25:05,102 [INFO] SKIP: trello.com
2025-11-07 15:25:05,274 [INFO]   Nav areas: 3
2025-11-07 15:25:05,318 [INFO] SUCCESS: buffer.com - 3 menus, 3 sections, 22 items
2025-11-07 15:25:10,511 [INFO] ============================================================
2025-11-07 15:25:10,511 [INFO] SUCCESS: 1
2025-11-07 15:25:10,513 [INFO] FAILED: 0
2025-11-07 15:25:10,514 [INFO] SKIPPED: 17
2025-11-07 15:25:10,516 [INFO] TIME: 5.4s
2025-11-07 15:25:10,517 [INFO] ============================================================
2025-11-07 15:28:07,011 [INFO] Scraping 18 sites (5 workers)
2025-11-07 15:28:07,011 [INFO] ============================================================
2025-11-07 15:28:07,014 [INFO] START: buffer.com
2025-11-07 15:28:07,016 [INFO] START: mailchimp.com
2025-11-07 15:28:07,018 [INFO] START: hootsuite.com
2025-11-07 15:28:07,022 [INFO] START: hubspot.com
2025-11-07 15:28:07,022 [INFO] START: activecampaign.com
2025-11-07 15:28:07,242 [INFO]   Nav areas: 3
2025-11-07 15:28:07,323 [INFO] SUCCESS: buffer.com - 3 menus, 3 sections, 22 items
2025-11-07 15:28:07,325 [INFO] START: airtable.com
2025-11-07 15:28:08,405 [INFO]   Nav areas: 6
2025-11-07 15:28:09,004 [INFO] SUCCESS: activecampaign.com - 5 menus, 5 sections, 59 items
2025-11-07 15:28:09,017 [INFO] START: notion.so
2025-11-07 15:28:09,331 [INFO]   Nav areas: 2
2025-11-07 15:28:09,382 [INFO] SUCCESS: hootsuite.com - 5 menus, 5 sections, 30 items
2025-11-07 15:28:09,408 [INFO]   Nav areas: 3
2025-11-07 15:28:09,409 [INFO] START: dropbox.com
2025-11-07 15:28:09,644 [INFO] SUCCESS: mailchimp.com - 8 menus, 13 sections, 60 items
2025-11-07 15:28:09,648 [INFO] START: zoom.us
2025-11-07 15:28:10,028 [INFO]   Nav areas: 6
2025-11-07 15:28:10,806 [INFO] SUCCESS: airtable.com - 11 menus, 16 sections, 67 items
2025-11-07 15:28:10,822 [INFO] START: stripe.com
2025-11-07 15:28:10,965 [INFO]   Nav areas: 2
2025-11-07 15:28:11,025 [INFO] SUCCESS: notion.so - 2 menus, 2 sections, 25 items
2025-11-07 15:28:11,053 [INFO] START: twilio.com
2025-11-07 15:28:14,764 [INFO]   Nav areas: 1
2025-11-07 15:28:14,864 [INFO] SUCCESS: dropbox.com - 5 menus, 5 sections, 25 items
2025-11-07 15:28:14,883 [INFO] START: sendgrid.com
2025-11-07 15:28:16,777 [INFO]   Nav areas: 2
2025-11-07 15:28:19,924 [INFO] SUCCESS: twilio.com - 5 menus, 5 sections, 112 items
2025-11-07 15:28:20,090 [INFO] START: cloudflare.com
2025-11-07 15:28:22,180 [INFO]   Nav areas: 2
2025-11-07 15:28:22,615 [INFO] SUCCESS: sendgrid.com - 7 menus, 7 sections, 59 items
2025-11-07 15:28:22,730 [INFO] START: wordpress.com
2025-11-07 15:28:25,637 [INFO]   Nav areas: 5
2025-11-07 15:28:26,004 [INFO] SUCCESS: cloudflare.com - 1 menus, 1 sections, 4 items
2025-11-07 15:28:26,113 [INFO] START: shopify.com
2025-11-07 15:28:29,257 [INFO]   Nav areas: 6
2025-11-07 15:28:29,420 [INFO] SUCCESS: wordpress.com - 1 menus, 1 sections, 61 items
2025-11-07 15:28:29,543 [INFO]   Nav areas: 2
2025-11-07 15:28:29,613 [INFO] START: atlassian.com
2025-11-07 15:28:29,716 [INFO] SUCCESS: shopify.com - 5 menus, 6 sections, 48 items
2025-11-07 15:28:29,833 [INFO] START: monday.com
2025-11-07 15:28:35,415 [INFO]   Nav areas: 2
2025-11-07 15:28:35,439 [INFO] SUCCESS: monday.com - 1 menus, 1 sections, 39 items
2025-11-07 15:28:35,544 [INFO] START: trello.com
2025-11-07 15:28:38,976 [INFO]   Nav areas: 7
2025-11-07 15:28:39,491 [INFO]   Nav areas: 7
2025-11-07 15:28:39,579 [INFO] SUCCESS: trello.com - 1 menus, 1 sections, 25 items
2025-11-07 15:28:40,985 [INFO]   Nav areas: 2
2025-11-07 15:28:40,993 [INFO] SUCCESS: zoom.us - 6 menus, 7 sections, 57 items
2025-11-07 15:28:41,211 [INFO] SUCCESS: atlassian.com - 4 menus, 12 sections, 49 items
2025-11-07 15:29:00,636 [INFO]   Nav areas: 10
2025-11-07 15:29:03,426 [INFO] SUCCESS: hubspot.com - 6 menus, 13 sections, 63 items
2025-11-07 15:29:17,073 [INFO]   Nav areas: 5
2025-11-07 15:29:17,497 [INFO] SUCCESS: stripe.com - 10 menus, 10 sections, 21 items
2025-11-07 15:29:17,807 [INFO] ============================================================
2025-11-07 15:29:17,808 [INFO] SUCCESS: 18
2025-11-07 15:29:17,808 [INFO] FAILED: 0
2025-11-07 15:29:17,808 [INFO] SKIPPED: 0
2025-11-07 15:29:17,808 [INFO] TIME: 70.8s
2025-11-07 15:29:17,808 [INFO] ============================================================
2025-11-07 15:29:47,972 [INFO] Scraping 18 sites (5 workers)
2025-11-07 15:29:47,972 [INFO] ============================================================
2025-11-07 15:29:47,974 [INFO] SKIP: buffer.com
2025-11-07 15:29:47,975 [INFO] SKIP: mailchimp.com
2025-11-07 15:29:47,975 [INFO] SKIP: hootsuite.com
2025-11-07 15:29:47,975 [INFO] SKIP: activecampaign.com
2025-11-07 15:29:47,975 [INFO] SKIP: hubspot.com
2025-11-07 15:29:47,976 [INFO] SKIP: notion.so
2025-11-07 15:29:47,976 [INFO] SKIP: airtable.com
2025-11-07 15:29:47,976 [INFO] SKIP: dropbox.com
2025-11-07 15:29:47,976 [INFO] SKIP: zoom.us
2025-11-07 15:29:47,977 [INFO] SKIP: stripe.com
2025-11-07 15:29:47,977 [INFO] SKIP: twilio.com
2025-11-07 15:29:47,977 [INFO] SKIP: sendgrid.com
2025-11-07 15:29:47,977 [INFO] SKIP: cloudflare.com
2025-11-07 15:29:47,978 [INFO] SKIP: wordpress.com
2025-11-07 15:29:47,978 [INFO] SKIP: shopify.com
2025-11-07 15:29:47,979 [INFO] SKIP: atlassian.com
2025-11-07 15:29:47,979 [INFO] SKIP: monday.com
2025-11-07 15:29:47,979 [INFO] SKIP: trello.com
2025-11-07 15:29:53,387 [INFO] ============================================================
2025-11-07 15:29:53,387 [INFO] SUCCESS: 0
2025-11-07 15:29:53,388 [INFO] FAILED: 0
2025-11-07 15:29:53,388 [INFO] SKIPPED: 18
2025-11-07 15:29:53,389 [INFO] TIME: 5.4s
2025-11-07 15:29:53,390 [INFO] ============================================================
2025-11-07 15:30:51,736 [INFO] Scraping 18 sites (5 workers)
2025-11-07 15:30:51,736 [INFO] ============================================================
2025-11-07 15:30:51,739 [INFO] SKIP: buffer.com
2025-11-07 15:30:51,739 [INFO] SKIP: mailchimp.com
2025-11-07 15:30:51,739 [INFO] SKIP: hootsuite.com
2025-11-07 15:30:51,739 [INFO] SKIP: activecampaign.com
2025-11-07 15:30:51,739 [INFO] SKIP: hubspot.com
2025-11-07 15:30:51,740 [INFO] SKIP: airtable.com
2025-11-07 15:30:51,740 [INFO] SKIP: notion.so
2025-11-07 15:30:51,740 [INFO] SKIP: dropbox.com
2025-11-07 15:30:51,740 [INFO] SKIP: zoom.us
2025-11-07 15:30:51,741 [INFO] SKIP: stripe.com
2025-11-07 15:30:51,741 [INFO] SKIP: twilio.com
2025-11-07 15:30:51,741 [INFO] SKIP: sendgrid.com
2025-11-07 15:30:51,742 [INFO] SKIP: cloudflare.com
2025-11-07 15:30:51,742 [INFO] SKIP: wordpress.com
2025-11-07 15:30:51,742 [INFO] SKIP: shopify.com
2025-11-07 15:30:51,742 [INFO] SKIP: atlassian.com
2025-11-07 15:30:51,742 [INFO] SKIP: monday.com
2025-11-07 15:30:51,743 [INFO] SKIP: trello.com
